<?xml version="1.0" encoding="UTF-8"?>
<!-- Generated by org.testng.reporters.JUnitReportReporter -->
<testsuite skipped="0" hostname="HIMANIBHATT" name="com.test.restassured.Demo_getrequest_tc001" tests="1" failures="0" timestamp="2021-07-26T17:05:07 IST" time="4.326" errors="0">
  <testcase name="getweayherDetails" time="4.326" classname="com.test.restassured.Demo_getrequest_tc001"/>
  <system-out/>
</testsuite> <!-- com.test.restassured.Demo_getrequest_tc001 -->
